# JRE version: OpenJDK Runtime Environment (8.0_152-b01) (build 1.8.0_152-release-915-b01)
# Java VM: OpenJDK 64-Bit Server VM (25.152-b01 mixed mode linux-amd64 compressed oops)
Heap:
 PSYoungGen      total 290304K, used 19634K [0x00000000e0000000, 0x00000000f5e80000, 0x0000000100000000)
  eden space 222720K, 0% used [0x00000000e0000000,0x00000000e0000000,0x00000000ed980000)
  from space 67584K, 29% used [0x00000000f1c80000,0x00000000f2fac8f8,0x00000000f5e80000)
  to   space 68096K, 0% used [0x00000000ed980000,0x00000000ed980000,0x00000000f1c00000)
 ParOldGen       total 165888K, used 163018K [0x00000000a0000000, 0x00000000aa200000, 0x00000000e0000000)
  object space 165888K, 98% used [0x00000000a0000000,0x00000000a9f328b0,0x00000000aa200000)
 Metaspace       used 86894K, capacity 97344K, committed 97496K, reserved 1132544K
  class space    used 10844K, capacity 13508K, committed 13568K, reserved 1048576K
GC Heap History (10 events):
Event: 15597,954 GC heap after
Heap after GC invocations=79 (full 3):
 PSYoungGen      total 235008K, used 51240K [0x00000000e0000000, 0x00000000f3380000, 0x0000000100000000)
  eden space 175616K, 0% used [0x00000000e0000000,0x00000000e0000000,0x00000000eab80000)
  from space 59392K, 86% used [0x00000000eeb80000,0x00000000f1d8a078,0x00000000f2580000)
  to   space 65536K, 0% used [0x00000000eab80000,0x00000000eab80000,0x00000000eeb80000)
 ParOldGen       total 165888K, used 130176K [0x00000000a0000000, 0x00000000aa200000, 0x00000000e0000000)
  object space 165888K, 78% used [0x00000000a0000000,0x00000000a7f202b8,0x00000000aa200000)
 Metaspace       used 86227K, capacity 96510K, committed 96600K, reserved 1132544K
  class space    used 10755K, capacity 13359K, committed 13440K, reserved 1048576K
}
Event: 15771,224 GC heap before
{Heap before GC invocations=80 (full 3):
 PSYoungGen      total 235008K, used 226856K [0x00000000e0000000, 0x00000000f3380000, 0x0000000100000000)
  eden space 175616K, 100% used [0x00000000e0000000,0x00000000eab80000,0x00000000eab80000)
  from space 59392K, 86% used [0x00000000eeb80000,0x00000000f1d8a078,0x00000000f2580000)
  to   space 65536K, 0% used [0x00000000eab80000,0x00000000eab80000,0x00000000eeb80000)
 ParOldGen       total 165888K, used 130176K [0x00000000a0000000, 0x00000000aa200000, 0x00000000e0000000)
  object space 165888K, 78% used [0x00000000a0000000,0x00000000a7f202b8,0x00000000aa200000)
 Metaspace       used 86293K, capacity 96698K, committed 96856K, reserved 1132544K
  class space    used 10766K, capacity 13399K, committed 13440K, reserved 1048576K
Event: 15771,282 GC heap after
Heap after GC invocations=80 (full 3):
 PSYoungGen      total 241152K, used 59617K [0x00000000e0000000, 0x00000000f5000000, 0x0000000100000000)
  eden space 175616K, 0% used [0x00000000e0000000,0x00000000e0000000,0x00000000eab80000)
  from space 65536K, 90% used [0x00000000eab80000,0x00000000ee5b84f8,0x00000000eeb80000)
  to   space 73216K, 0% used [0x00000000f0880000,0x00000000f0880000,0x00000000f5000000)
 ParOldGen       total 165888K, used 138535K [0x00000000a0000000, 0x00000000aa200000, 0x00000000e0000000)
  object space 165888K, 83% used [0x00000000a0000000,0x00000000a8749e28,0x00000000aa200000)
 Metaspace       used 86293K, capacity 96698K, committed 96856K, reserved 1132544K
  class space    used 10766K, capacity 13399K, committed 13440K, reserved 1048576K
}
Event: 15772,565 GC heap before
{Heap before GC invocations=81 (full 3):
 PSYoungGen      total 241152K, used 235233K [0x00000000e0000000, 0x00000000f5000000, 0x0000000100000000)
  eden space 175616K, 100% used [0x00000000e0000000,0x00000000eab80000,0x00000000eab80000)
  from space 65536K, 90% used [0x00000000eab80000,0x00000000ee5b84f8,0x00000000eeb80000)
  to   space 73216K, 0% used [0x00000000f0880000,0x00000000f0880000,0x00000000f5000000)
 ParOldGen       total 165888K, used 138535K [0x00000000a0000000, 0x00000000aa200000, 0x00000000e0000000)
  object space 165888K, 83% used [0x00000000a0000000,0x00000000a8749e28,0x00000000aa200000)
 Metaspace       used 86769K, capacity 97152K, committed 97496K, reserved 1132544K
  class space    used 10823K, capacity 13466K, committed 13568K, reserved 1048576K
Event: 15772,608 GC heap after
Heap after GC invocations=81 (full 3):
 PSYoungGen      total 271360K, used 41904K [0x00000000e0000000, 0x00000000f5000000, 0x0000000100000000)
  eden space 198144K, 0% used [0x00000000e0000000,0x00000000e0000000,0x00000000ec180000)
  from space 73216K, 57% used [0x00000000f0880000,0x00000000f316c1b8,0x00000000f5000000)
  to   space 72704K, 0% used [0x00000000ec180000,0x00000000ec180000,0x00000000f0880000)
 ParOldGen       total 165888K, used 139770K [0x00000000a0000000, 0x00000000aa200000, 0x00000000e0000000)
  object space 165888K, 84% used [0x00000000a0000000,0x00000000a887eb98,0x00000000aa200000)
 Metaspace       used 86769K, capacity 97152K, committed 97496K, reserved 1132544K
  class space    used 10823K, capacity 13466K, committed 13568K, reserved 1048576K
}
Event: 15859,607 GC heap before
{Heap before GC invocations=82 (full 3):
 PSYoungGen      total 271360K, used 240048K [0x00000000e0000000, 0x00000000f5000000, 0x0000000100000000)
  eden space 198144K, 100% used [0x00000000e0000000,0x00000000ec180000,0x00000000ec180000)
  from space 73216K, 57% used [0x00000000f0880000,0x00000000f316c1b8,0x00000000f5000000)
  to   space 72704K, 0% used [0x00000000ec180000,0x00000000ec180000,0x00000000f0880000)
 ParOldGen       total 165888K, used 139770K [0x00000000a0000000, 0x00000000aa200000, 0x00000000e0000000)
  object space 165888K, 84% used [0x00000000a0000000,0x00000000a887eb98,0x00000000aa200000)
 Metaspace       used 86876K, capacity 97344K, committed 97496K, reserved 1132544K
  class space    used 10844K, capacity 13508K, committed 13568K, reserved 1048576K
Event: 15859,650 GC heap after
Heap after GC invocations=82 (full 3):
 PSYoungGen      total 270848K, used 27977K [0x00000000e0000000, 0x00000000f6080000, 0x0000000100000000)
  eden space 198144K, 0% used [0x00000000e0000000,0x00000000e0000000,0x00000000ec180000)
  from space 72704K, 38% used [0x00000000ec180000,0x00000000edcd2520,0x00000000f0880000)
  to   space 69632K, 0% used [0x00000000f1c80000,0x00000000f1c80000,0x00000000f6080000)
 ParOldGen       total 165888K, used 152562K [0x00000000a0000000, 0x00000000aa200000, 0x00000000e0000000)
  object space 165888K, 91% used [0x00000000a0000000,0x00000000a94fca48,0x00000000aa200000)
 Metaspace       used 86876K, capacity 97344K, committed 97496K, reserved 1132544K
  class space    used 10844K, capacity 13508K, committed 13568K, reserved 1048576K
}
Event: 15860,919 GC heap before
{Heap before GC invocations=83 (full 3):
 PSYoungGen      total 270848K, used 226120K [0x00000000e0000000, 0x00000000f6080000, 0x0000000100000000)
  eden space 198144K, 99% used [0x00000000e0000000,0x00000000ec17fd18,0x00000000ec180000)
  from space 72704K, 38% used [0x00000000ec180000,0x00000000edcd2520,0x00000000f0880000)
  to   space 69632K, 0% used [0x00000000f1c80000,0x00000000f1c80000,0x00000000f6080000)
 ParOldGen       total 165888K, used 152562K [0x00000000a0000000, 0x00000000aa200000, 0x00000000e0000000)
  object space 165888K, 91% used [0x00000000a0000000,0x00000000a94fca48,0x00000000aa200000)
 Metaspace       used 86894K, capacity 97344K, committed 97496K, reserved 1132544K
  class space    used 10844K, capacity 13508K, committed 13568K, reserved 1048576K
Event: 15860,960 GC heap after
Heap after GC invocations=83 (full 3):
 PSYoungGen      total 290304K, used 19634K [0x00000000e0000000, 0x00000000f5e80000, 0x0000000100000000)
  eden space 222720K, 0% used [0x00000000e0000000,0x00000000e0000000,0x00000000ed980000)
  from space 67584K, 29% used [0x00000000f1c80000,0x00000000f2fac8f8,0x00000000f5e80000)
  to   space 68096K, 0% used [0x00000000ed980000,0x00000000ed980000,0x00000000f1c00000)
 ParOldGen       total 165888K, used 163018K [0x00000000a0000000, 0x00000000aa200000, 0x00000000e0000000)
  object space 165888K, 98% used [0x00000000a0000000,0x00000000a9f328b0,0x00000000aa200000)
 Metaspace       used 86894K, capacity 97344K, committed 97496K, reserved 1132544K
  class space    used 10844K, capacity 13508K, committed 13568K, reserved 1048576K
}
Event: 15860,960 GC heap before
{Heap before GC invocations=84 (full 4):
 PSYoungGen      total 290304K, used 19634K [0x00000000e0000000, 0x00000000f5e80000, 0x0000000100000000)
  eden space 222720K, 0% used [0x00000000e0000000,0x00000000e0000000,0x00000000ed980000)
  from space 67584K, 29% used [0x00000000f1c80000,0x00000000f2fac8f8,0x00000000f5e80000)
  to   space 68096K, 0% used [0x00000000ed980000,0x00000000ed980000,0x00000000f1c00000)
 ParOldGen       total 165888K, used 163018K [0x00000000a0000000, 0x00000000aa200000, 0x00000000e0000000)
  object space 165888K, 98% used [0x00000000a0000000,0x00000000a9f328b0,0x00000000aa200000)
 Metaspace       used 86894K, capacity 97344K, committed 97496K, reserved 1132544K
  class space    used 10844K, capacity 13508K, committed 13568K, reserved 1048576K

